#
# There is insufficient memory for the Java Runtime Environment to continue.
# Native memory allocation (malloc) failed to allocate 32744 bytes for ChunkPool::allocate
# Possible reasons:
#   The system is out of physical RAM or swap space
#   The process is running with CompressedOops enabled, and the Java Heap may be blocking the growth of the native heap
# Possible solutions:
#   Reduce memory load on the system
#   Increase physical memory or swap space
#   Check if swap backing store is full
#   Decrease Java heap size (-Xmx/-Xms)
#   Decrease number of Java threads
#   Decrease Java thread stack sizes (-Xss)
#   Set larger code cache with -XX:ReservedCodeCacheSize=
#   JVM is running with Zero Based Compressed Oops mode in which the Java heap is
#     placed in the first 32GB address space. The Java Heap base address is the
#     maximum limit for the native heap growth. Please use -XX:HeapBaseMinAddress
#     to set the Java Heap base and to place the Java Heap above 32GB virtual address.
# This output file may be truncated or incomplete.
#
#  Out of Memory Error (arena.cpp:78), pid=17468, tid=17192
#
# JRE version: Java(TM) SE Runtime Environment (17.0.6+9) (build 17.0.6+9-LTS-190)
# Java VM: Java HotSpot(TM) 64-Bit Server VM (17.0.6+9-LTS-190, mixed mode, sharing, tiered, compressed oops, compressed class ptrs, g1 gc, windows-amd64)
# No core dump will be written. Minidumps are not enabled by default on client versions of Windows
#

---------------  S U M M A R Y ------------

Command Line: -javaagent:C:\Program Files\JetBrains\IntelliJ IDEA 2023.1.4\lib\idea_rt.jar=59631:C:\Program Files\JetBrains\IntelliJ IDEA 2023.1.4\bin -Dfile.encoding=UTF-8 vn.edu.likelion.app.WarehouseManagementApp

Host: Intel(R) Core(TM) i3-8130U CPU @ 2.20GHz, 4 cores, 11G,  Windows 11 , 64 bit Build 22621 (10.0.22621.3672)
Time: Sun Jul 28 16:43:29 2024 SE Asia Standard Time elapsed time: 13.340197 seconds (0d 0h 0m 13s)

---------------  T H R E A D  ---------------

Current thread (0x0000024aeac91b80):  JavaThread "C2 CompilerThread0" daemon [_thread_in_native, id=17192, stack(0x000000a3a9c00000,0x000000a3a9d00000)]


Current CompileTask:
C2:  13340 1794       4       sun.util.locale.BaseLocale::getInstance (149 bytes)

Stack: [0x000000a3a9c00000,0x000000a3a9d00000]
Native frames: (J=compiled Java code, j=interpreted, Vv=VM code, C=native code)
V  [jvm.dll+0x6734ea]
V  [jvm.dll+0x7d18f4]
V  [jvm.dll+0x7d309e]
V  [jvm.dll+0x7d3703]
V  [jvm.dll+0x2433c5]
V  [jvm.dll+0xaa6c0]
V  [jvm.dll+0xaaa0c]
V  [jvm.dll+0x11bd75]
V  [jvm.dll+0x69cb84]
V  [jvm.dll+0x1b9937]
V  [jvm.dll+0x215f37]
V  [jvm.dll+0x215211]
V  [jvm.dll+0x1a1730]
V  [jvm.dll+0x224b6e]
V  [jvm.dll+0x222f15]
V  [jvm.dll+0x78753c]
V  [jvm.dll+0x781a7a]
V  [jvm.dll+0x672375]
C  [ucrtbase.dll+0x29333]
C  [KERNEL32.DLL+0x1257d]
C  [ntdll.dll+0x5af28]


---------------  P R O C E S S  ---------------

Threads class SMR info:
_java_thread_list=0x0000024aec399410, length=17, elements={
0x0000024acae772d0, 0x0000024aeac7af80, 0x0000024aeac7cd10, 0x0000024aeac8d240,
0x0000024aeac8dd00, 0x0000024aeac906d0, 0x0000024aeac90f90, 0x0000024aeac91b80,
0x0000024aeaccd370, 0x0000024aeb818050, 0x0000024aeb8a6700, 0x0000024aebad5580,
0x0000024aeba46480, 0x0000024aec1d9e80, 0x0000024aec08b8b0, 0x0000024aec368910,
0x0000024aec2504c0
}

Java Threads: ( => current thread )
  0x0000024acae772d0 JavaThread "main" [_thread_in_Java, id=8292, stack(0x000000a3a8f00000,0x000000a3a9000000)]
  0x0000024aeac7af80 JavaThread "Reference Handler" daemon [_thread_blocked, id=11552, stack(0x000000a3a9600000,0x000000a3a9700000)]
  0x0000024aeac7cd10 JavaThread "Finalizer" daemon [_thread_blocked, id=7732, stack(0x000000a3a9700000,0x000000a3a9800000)]
  0x0000024aeac8d240 JavaThread "Signal Dispatcher" daemon [_thread_blocked, id=19680, stack(0x000000a3a9800000,0x000000a3a9900000)]
  0x0000024aeac8dd00 JavaThread "Attach Listener" daemon [_thread_blocked, id=7580, stack(0x000000a3a9900000,0x000000a3a9a00000)]
  0x0000024aeac906d0 JavaThread "Service Thread" daemon [_thread_blocked, id=4788, stack(0x000000a3a9a00000,0x000000a3a9b00000)]
  0x0000024aeac90f90 JavaThread "Monitor Deflation Thread" daemon [_thread_blocked, id=17476, stack(0x000000a3a9b00000,0x000000a3a9c00000)]
=>0x0000024aeac91b80 JavaThread "C2 CompilerThread0" daemon [_thread_in_native, id=17192, stack(0x000000a3a9c00000,0x000000a3a9d00000)]
  0x0000024aeaccd370 JavaThread "C1 CompilerThread0" daemon [_thread_blocked, id=15804, stack(0x000000a3a9d00000,0x000000a3a9e00000)]
  0x0000024aeb818050 JavaThread "Sweeper thread" daemon [_thread_blocked, id=12020, stack(0x000000a3a9e00000,0x000000a3a9f00000)]
  0x0000024aeb8a6700 JavaThread "Common-Cleaner" daemon [_thread_blocked, id=17064, stack(0x000000a3a9f00000,0x000000a3aa000000)]
  0x0000024aebad5580 JavaThread "Monitor Ctrl-Break" daemon [_thread_in_native, id=5976, stack(0x000000a3aa000000,0x000000a3aa100000)]
  0x0000024aeba46480 JavaThread "Notification Thread" daemon [_thread_blocked, id=19024, stack(0x000000a3aa100000,0x000000a3aa200000)]
  0x0000024aec1d9e80 JavaThread "oracle.jdbc.diagnostics.Diagnostic.CLOCK" daemon [_thread_blocked, id=15920, stack(0x000000a3aa800000,0x000000a3aa900000)]
  0x0000024aec08b8b0 JavaThread "oracle.jdbc.driver.BlockSource.ThreadedCachingBlockSource.BlockReleaser" daemon [_thread_blocked, id=7848, stack(0x000000a3aa900000,0x000000a3aaa00000)]
  0x0000024aec368910 JavaThread "InterruptTimer" daemon [_thread_blocked, id=16412, stack(0x000000a3aab00000,0x000000a3aac00000)]
  0x0000024aec2504c0 JavaThread "OJDBC-WORKER-THREAD-1" daemon [_thread_blocked, id=9624, stack(0x000000a3aac00000,0x000000a3aad00000)]

Other Threads:
  0x0000024aeac76de0 VMThread "VM Thread" [stack: 0x000000a3a9500000,0x000000a3a9600000] [id=7812]
  0x0000024acaee4c10 WatcherThread [stack: 0x000000a3aa200000,0x000000a3aa300000] [id=16152]
  0x0000024acaecef90 GCTaskThread "GC Thread#0" [stack: 0x000000a3a9000000,0x000000a3a9100000] [id=19008]
  0x0000024aebc6af30 GCTaskThread "GC Thread#1" [stack: 0x000000a3aa400000,0x000000a3aa500000] [id=20256]
  0x0000024aebefb930 GCTaskThread "GC Thread#2" [stack: 0x000000a3aa500000,0x000000a3aa600000] [id=1476]
  0x0000024aec0cdb30 GCTaskThread "GC Thread#3" [stack: 0x000000a3aa600000,0x000000a3aa700000] [id=11776]
  0x0000024acaedbbe0 ConcurrentGCThread "G1 Main Marker" [stack: 0x000000a3a9100000,0x000000a3a9200000] [id=19576]
  0x0000024acaedecc0 ConcurrentGCThread "G1 Conc#0" [stack: 0x000000a3a9200000,0x000000a3a9300000] [id=18468]
  0x0000024acaf3da10 ConcurrentGCThread "G1 Refine#0" [stack: 0x000000a3a9300000,0x000000a3a9400000] [id=3208]
  0x0000024aec0332d0 ConcurrentGCThread "G1 Refine#1" [stack: 0x000000a3aa700000,0x000000a3aa800000] [id=18380]
  0x0000024acaf3e340 ConcurrentGCThread "G1 Service" [stack: 0x000000a3a9400000,0x000000a3a9500000] [id=14132]

Threads with active compile tasks:
C2 CompilerThread0    13389 1794       4       sun.util.locale.BaseLocale::getInstance (149 bytes)

VM state: not at safepoint (normal execution)

VM Mutex/Monitor currently owned by a thread: None

Heap address: 0x0000000742000000, size: 3040 MB, Compressed Oops mode: Zero based, Oop shift amount: 3

CDS archive(s) mapped at: [0x0000000800000000-0x0000000800bd0000-0x0000000800bd0000), size 12386304, SharedBaseAddress: 0x0000000800000000, ArchiveRelocationMode: 0.
Compressed class space mapped at: 0x0000000800c00000-0x0000000840c00000, reserved size: 1073741824
Narrow klass base: 0x0000000800000000, Narrow klass shift: 0, Narrow klass range: 0x100000000

GC Precious Log:
 CPUs: 4 total, 4 available
 Memory: 12156M
 Large Page Support: Disabled
 NUMA Support: Disabled
 Compressed Oops: Enabled (Zero based)
 Heap Region Size: 2M
 Heap Min Capacity: 8M
 Heap Initial Capacity: 190M
 Heap Max Capacity: 3040M
 Pre-touch: Disabled
 Parallel Workers: 4
 Concurrent Workers: 1
 Concurrent Refinement Workers: 4
 Periodic GC: Disabled

Heap:
 garbage-first heap   total 194560K, used 16044K [0x0000000742000000, 0x0000000800000000)
  region size 2048K, 7 young (14336K), 2 survivors (4096K)
 Metaspace       used 20735K, committed 20992K, reserved 1073152K
  class space    used 2491K, committed 2624K, reserved 1048576K

Heap Regions: E=young(eden), S=young(survivor), O=old, HS=humongous(starts), HC=humongous(continues), CS=collection set, F=free, OA=open archive, CA=closed archive, TAMS=top-at-mark-start (previous, next)
|   0|0x0000000742000000, 0x0000000742200000, 0x0000000742200000|100%| O|  |TAMS 0x0000000742000000, 0x0000000742000000| Untracked 
|   1|0x0000000742200000, 0x0000000742400000, 0x0000000742400000|100%| O|  |TAMS 0x0000000742200000, 0x0000000742200000| Untracked 
|   2|0x0000000742400000, 0x0000000742433000, 0x0000000742600000|  9%| O|  |TAMS 0x0000000742400000, 0x0000000742400000| Untracked 
|   3|0x0000000742600000, 0x0000000742600000, 0x0000000742800000|  0%| F|  |TAMS 0x0000000742600000, 0x0000000742600000| Untracked 
|   4|0x0000000742800000, 0x0000000742800000, 0x0000000742a00000|  0%| F|  |TAMS 0x0000000742800000, 0x0000000742800000| Untracked 
|   5|0x0000000742a00000, 0x0000000742a00000, 0x0000000742c00000|  0%| F|  |TAMS 0x0000000742a00000, 0x0000000742a00000| Untracked 
|   6|0x0000000742c00000, 0x0000000742c00000, 0x0000000742e00000|  0%| F|  |TAMS 0x0000000742c00000, 0x0000000742c00000| Untracked 
|   7|0x0000000742e00000, 0x0000000742e00000, 0x0000000743000000|  0%| F|  |TAMS 0x0000000742e00000, 0x0000000742e00000| Untracked 
|   8|0x0000000743000000, 0x0000000743000000, 0x0000000743200000|  0%| F|  |TAMS 0x0000000743000000, 0x0000000743000000| Untracked 
|   9|0x0000000743200000, 0x0000000743200000, 0x0000000743400000|  0%| F|  |TAMS 0x0000000743200000, 0x0000000743200000| Untracked 
|  10|0x0000000743400000, 0x0000000743400000, 0x0000000743600000|  0%| F|  |TAMS 0x0000000743400000, 0x0000000743400000| Untracked 
|  11|0x0000000743600000, 0x0000000743600000, 0x0000000743800000|  0%| F|  |TAMS 0x0000000743600000, 0x0000000743600000| Untracked 
|  12|0x0000000743800000, 0x0000000743800000, 0x0000000743a00000|  0%| F|  |TAMS 0x0000000743800000, 0x0000000743800000| Untracked 
|  13|0x0000000743a00000, 0x0000000743a00000, 0x0000000743c00000|  0%| F|  |TAMS 0x0000000743a00000, 0x0000000743a00000| Untracked 
|  14|0x0000000743c00000, 0x0000000743c00000, 0x0000000743e00000|  0%| F|  |TAMS 0x0000000743c00000, 0x0000000743c00000| Untracked 
|  15|0x0000000743e00000, 0x0000000743e00000, 0x0000000744000000|  0%| F|  |TAMS 0x0000000743e00000, 0x0000000743e00000| Untracked 
|  16|0x0000000744000000, 0x0000000744000000, 0x0000000744200000|  0%| F|  |TAMS 0x0000000744000000, 0x0000000744000000| Untracked 
|  17|0x0000000744200000, 0x0000000744200000, 0x0000000744400000|  0%| F|  |TAMS 0x0000000744200000, 0x0000000744200000| Untracked 
|  18|0x0000000744400000, 0x0000000744400000, 0x0000000744600000|  0%| F|  |TAMS 0x0000000744400000, 0x0000000744400000| Untracked 
|  19|0x0000000744600000, 0x0000000744600000, 0x0000000744800000|  0%| F|  |TAMS 0x0000000744600000, 0x0000000744600000| Untracked 
|  20|0x0000000744800000, 0x0000000744800000, 0x0000000744a00000|  0%| F|  |TAMS 0x0000000744800000, 0x0000000744800000| Untracked 
|  21|0x0000000744a00000, 0x0000000744a00000, 0x0000000744c00000|  0%| F|  |TAMS 0x0000000744a00000, 0x0000000744a00000| Untracked 
|  22|0x0000000744c00000, 0x0000000744c00000, 0x0000000744e00000|  0%| F|  |TAMS 0x0000000744c00000, 0x0000000744c00000| Untracked 
|  23|0x0000000744e00000, 0x0000000744e00000, 0x0000000745000000|  0%| F|  |TAMS 0x0000000744e00000, 0x0000000744e00000| Untracked 
|  24|0x0000000745000000, 0x0000000745000000, 0x0000000745200000|  0%| F|  |TAMS 0x0000000745000000, 0x0000000745000000| Untracked 
|  25|0x0000000745200000, 0x0000000745200000, 0x0000000745400000|  0%| F|  |TAMS 0x0000000745200000, 0x0000000745200000| Untracked 
|  26|0x0000000745400000, 0x0000000745400000, 0x0000000745600000|  0%| F|  |TAMS 0x0000000745400000, 0x0000000745400000| Untracked 
|  27|0x0000000745600000, 0x0000000745600000, 0x0000000745800000|  0%| F|  |TAMS 0x0000000745600000, 0x0000000745600000| Untracked 
|  28|0x0000000745800000, 0x0000000745800000, 0x0000000745a00000|  0%| F|  |TAMS 0x0000000745800000, 0x0000000745800000| Untracked 
|  29|0x0000000745a00000, 0x0000000745a00000, 0x0000000745c00000|  0%| F|  |TAMS 0x0000000745a00000, 0x0000000745a00000| Untracked 
|  30|0x0000000745c00000, 0x0000000745c00000, 0x0000000745e00000|  0%| F|  |TAMS 0x0000000745c00000, 0x0000000745c00000| Untracked 
|  31|0x0000000745e00000, 0x0000000745e00000, 0x0000000746000000|  0%| F|  |TAMS 0x0000000745e00000, 0x0000000745e00000| Untracked 
|  32|0x0000000746000000, 0x0000000746000000, 0x0000000746200000|  0%| F|  |TAMS 0x0000000746000000, 0x0000000746000000| Untracked 
|  33|0x0000000746200000, 0x0000000746200000, 0x0000000746400000|  0%| F|  |TAMS 0x0000000746200000, 0x0000000746200000| Untracked 
|  34|0x0000000746400000, 0x0000000746400000, 0x0000000746600000|  0%| F|  |TAMS 0x0000000746400000, 0x0000000746400000| Untracked 
|  35|0x0000000746600000, 0x0000000746600000, 0x0000000746800000|  0%| F|  |TAMS 0x0000000746600000, 0x0000000746600000| Untracked 
|  36|0x0000000746800000, 0x0000000746800000, 0x0000000746a00000|  0%| F|  |TAMS 0x0000000746800000, 0x0000000746800000| Untracked 
|  37|0x0000000746a00000, 0x0000000746a00000, 0x0000000746c00000|  0%| F|  |TAMS 0x0000000746a00000, 0x0000000746a00000| Untracked 
|  38|0x0000000746c00000, 0x0000000746c00000, 0x0000000746e00000|  0%| F|  |TAMS 0x0000000746c00000, 0x0000000746c00000| Untracked 
|  39|0x0000000746e00000, 0x0000000746e00000, 0x0000000747000000|  0%| F|  |TAMS 0x0000000746e00000, 0x0000000746e00000| Untracked 
|  40|0x0000000747000000, 0x0000000747000000, 0x0000000747200000|  0%| F|  |TAMS 0x0000000747000000, 0x0000000747000000| Untracked 
|  41|0x0000000747200000, 0x0000000747200000, 0x0000000747400000|  0%| F|  |TAMS 0x0000000747200000, 0x0000000747200000| Untracked 
|  42|0x0000000747400000, 0x0000000747400000, 0x0000000747600000|  0%| F|  |TAMS 0x0000000747400000, 0x0000000747400000| Untracked 
|  43|0x0000000747600000, 0x0000000747600000, 0x0000000747800000|  0%| F|  |TAMS 0x0000000747600000, 0x0000000747600000| Untracked 
|  44|0x0000000747800000, 0x0000000747800000, 0x0000000747a00000|  0%| F|  |TAMS 0x0000000747800000, 0x0000000747800000| Untracked 
|  45|0x0000000747a00000, 0x0000000747a00000, 0x0000000747c00000|  0%| F|  |TAMS 0x0000000747a00000, 0x0000000747a00000| Untracked 
|  46|0x0000000747c00000, 0x0000000747c00000, 0x0000000747e00000|  0%| F|  |TAMS 0x0000000747c00000, 0x0000000747c00000| Untracked 
|  47|0x0000000747e00000, 0x0000000747e00000, 0x0000000748000000|  0%| F|  |TAMS 0x0000000747e00000, 0x0000000747e00000| Untracked 
|  48|0x0000000748000000, 0x0000000748000000, 0x0000000748200000|  0%| F|  |TAMS 0x0000000748000000, 0x0000000748000000| Untracked 
|  49|0x0000000748200000, 0x0000000748200000, 0x0000000748400000|  0%| F|  |TAMS 0x0000000748200000, 0x0000000748200000| Untracked 
|  50|0x0000000748400000, 0x0000000748400000, 0x0000000748600000|  0%| F|  |TAMS 0x0000000748400000, 0x0000000748400000| Untracked 
|  51|0x0000000748600000, 0x0000000748600000, 0x0000000748800000|  0%| F|  |TAMS 0x0000000748600000, 0x0000000748600000| Untracked 
|  52|0x0000000748800000, 0x0000000748800000, 0x0000000748a00000|  0%| F|  |TAMS 0x0000000748800000, 0x0000000748800000| Untracked 
|  53|0x0000000748a00000, 0x0000000748a00000, 0x0000000748c00000|  0%| F|  |TAMS 0x0000000748a00000, 0x0000000748a00000| Untracked 
|  54|0x0000000748c00000, 0x0000000748c00000, 0x0000000748e00000|  0%| F|  |TAMS 0x0000000748c00000, 0x0000000748c00000| Untracked 
|  55|0x0000000748e00000, 0x0000000748e00000, 0x0000000749000000|  0%| F|  |TAMS 0x0000000748e00000, 0x0000000748e00000| Untracked 
|  56|0x0000000749000000, 0x0000000749000000, 0x0000000749200000|  0%| F|  |TAMS 0x0000000749000000, 0x0000000749000000| Untracked 
|  57|0x0000000749200000, 0x0000000749200000, 0x0000000749400000|  0%| F|  |TAMS 0x0000000749200000, 0x0000000749200000| Untracked 
|  58|0x0000000749400000, 0x0000000749400000, 0x0000000749600000|  0%| F|  |TAMS 0x0000000749400000, 0x0000000749400000| Untracked 
|  59|0x0000000749600000, 0x0000000749600000, 0x0000000749800000|  0%| F|  |TAMS 0x0000000749600000, 0x0000000749600000| Untracked 
|  60|0x0000000749800000, 0x0000000749800000, 0x0000000749a00000|  0%| F|  |TAMS 0x0000000749800000, 0x0000000749800000| Untracked 
|  61|0x0000000749a00000, 0x0000000749a00000, 0x0000000749c00000|  0%| F|  |TAMS 0x0000000749a00000, 0x0000000749a00000| Untracked 
|  62|0x0000000749c00000, 0x0000000749c00000, 0x0000000749e00000|  0%| F|  |TAMS 0x0000000749c00000, 0x0000000749c00000| Untracked 
|  63|0x0000000749e00000, 0x0000000749e00000, 0x000000074a000000|  0%| F|  |TAMS 0x0000000749e00000, 0x0000000749e00000| Untracked 
|  64|0x000000074a000000, 0x000000074a000000, 0x000000074a200000|  0%| F|  |TAMS 0x000000074a000000, 0x000000074a000000| Untracked 
|  65|0x000000074a200000, 0x000000074a200000, 0x000000074a400000|  0%| F|  |TAMS 0x000000074a200000, 0x000000074a200000| Untracked 
|  66|0x000000074a400000, 0x000000074a400000, 0x000000074a600000|  0%| F|  |TAMS 0x000000074a400000, 0x000000074a400000| Untracked 
|  67|0x000000074a600000, 0x000000074a600000, 0x000000074a800000|  0%| F|  |TAMS 0x000000074a600000, 0x000000074a600000| Untracked 
|  68|0x000000074a800000, 0x000000074a800000, 0x000000074aa00000|  0%| F|  |TAMS 0x000000074a800000, 0x000000074a800000| Untracked 
|  69|0x000000074aa00000, 0x000000074aa00000, 0x000000074ac00000|  0%| F|  |TAMS 0x000000074aa00000, 0x000000074aa00000| Untracked 
|  70|0x000000074ac00000, 0x000000074ac00000, 0x000000074ae00000|  0%| F|  |TAMS 0x000000074ac00000, 0x000000074ac00000| Untracked 
|  71|0x000000074ae00000, 0x000000074ae00000, 0x000000074b000000|  0%| F|  |TAMS 0x000000074ae00000, 0x000000074ae00000| Untracked 
|  72|0x000000074b000000, 0x000000074b000000, 0x000000074b200000|  0%| F|  |TAMS 0x000000074b000000, 0x000000074b000000| Untracked 
|  73|0x000000074b200000, 0x000000074b200000, 0x000000074b400000|  0%| F|  |TAMS 0x000000074b200000, 0x000000074b200000| Untracked 
|  74|0x000000074b400000, 0x000000074b400000, 0x000000074b600000|  0%| F|  |TAMS 0x000000074b400000, 0x000000074b400000| Untracked 
|  75|0x000000074b600000, 0x000000074b600000, 0x000000074b800000|  0%| F|  |TAMS 0x000000074b600000, 0x000000074b600000| Untracked 
|  76|0x000000074b800000, 0x000000074b800000, 0x000000074ba00000|  0%| F|  |TAMS 0x000000074b800000, 0x000000074b800000| Untracked 
|  77|0x000000074ba00000, 0x000000074ba00000, 0x000000074bc00000|  0%| F|  |TAMS 0x000000074ba00000, 0x000000074ba00000| Untracked 
|  78|0x000000074bc00000, 0x000000074bc00000, 0x000000074be00000|  0%| F|  |TAMS 0x000000074bc00000, 0x000000074bc00000| Untracked 
|  79|0x000000074be00000, 0x000000074be00000, 0x000000074c000000|  0%| F|  |TAMS 0x000000074be00000, 0x000000074be00000| Untracked 
|  80|0x000000074c000000, 0x000000074c178350, 0x000000074c200000| 73%| S|CS|TAMS 0x000000074c000000, 0x000000074c000000| Complete 
|  81|0x000000074c200000, 0x000000074c400000, 0x000000074c400000|100%| S|CS|TAMS 0x000000074c200000, 0x000000074c200000| Complete 
|  82|0x000000074c400000, 0x000000074c400000, 0x000000074c600000|  0%| F|  |TAMS 0x000000074c400000, 0x000000074c400000| Untracked 
|  83|0x000000074c600000, 0x000000074c600000, 0x000000074c800000|  0%| F|  |TAMS 0x000000074c600000, 0x000000074c600000| Untracked 
|  84|0x000000074c800000, 0x000000074c800000, 0x000000074ca00000|  0%| F|  |TAMS 0x000000074c800000, 0x000000074c800000| Untracked 
|  85|0x000000074ca00000, 0x000000074ca00000, 0x000000074cc00000|  0%| F|  |TAMS 0x000000074ca00000, 0x000000074ca00000| Untracked 
|  86|0x000000074cc00000, 0x000000074cc00000, 0x000000074ce00000|  0%| F|  |TAMS 0x000000074cc00000, 0x000000074cc00000| Untracked 
|  87|0x000000074ce00000, 0x000000074ce00000, 0x000000074d000000|  0%| F|  |TAMS 0x000000074ce00000, 0x000000074ce00000| Untracked 
|  88|0x000000074d000000, 0x000000074d000000, 0x000000074d200000|  0%| F|  |TAMS 0x000000074d000000, 0x000000074d000000| Untracked 
|  89|0x000000074d200000, 0x000000074d200000, 0x000000074d400000|  0%| F|  |TAMS 0x000000074d200000, 0x000000074d200000| Untracked 
|  90|0x000000074d400000, 0x000000074d500c10, 0x000000074d600000| 50%| E|  |TAMS 0x000000074d400000, 0x000000074d400000| Complete 
|  91|0x000000074d600000, 0x000000074d800000, 0x000000074d800000|100%| E|CS|TAMS 0x000000074d600000, 0x000000074d600000| Complete 
|  92|0x000000074d800000, 0x000000074da00000, 0x000000074da00000|100%| E|CS|TAMS 0x000000074d800000, 0x000000074d800000| Complete 
|  93|0x000000074da00000, 0x000000074dc00000, 0x000000074dc00000|100%| E|CS|TAMS 0x000000074da00000, 0x000000074da00000| Complete 
|  94|0x000000074dc00000, 0x000000074de00000, 0x000000074de00000|100%| E|CS|TAMS 0x000000074dc00000, 0x000000074dc00000| Complete 

Card table byte_map: [0x0000024ae1ce0000,0x0000024ae22d0000] _byte_map_base: 0x0000024ade2d0000

Marking Bits (Prev, Next): (CMBitMap*) 0x0000024acaecf4b0, (CMBitMap*) 0x0000024acaecf4f0
 Prev Bits: [0x0000024ae28c0000, 0x0000024ae5840000)
 Next Bits: [0x0000024ae5840000, 0x0000024ae87c0000)

Polling page: 0x0000024ac8e60000

Metaspace:

Usage:
  Non-class:     17.83 MB used.
      Class:      2.44 MB used.
       Both:     20.26 MB used.

Virtual space:
  Non-class space:       24.00 MB reserved,      17.94 MB ( 75%) committed,  3 nodes.
      Class space:        1.00 GB reserved,       2.56 MB ( <1%) committed,  1 nodes.
             Both:        1.02 GB reserved,      20.50 MB (  2%) committed. 

Chunk freelists:
   Non-Class:  2.00 MB
       Class:  1.48 MB
        Both:  3.48 MB

MaxMetaspaceSize: unlimited
CompressedClassSpaceSize: 1.00 GB
Initial GC threshold: 21.00 MB
Current GC threshold: 21.00 MB
CDS: on
MetaspaceReclaimPolicy: balanced
 - commit_granule_bytes: 65536.
 - commit_granule_words: 8192.
 - virtual_space_node_default_size: 1048576.
 - enlarge_chunks_in_place: 1.
 - new_chunks_are_fully_committed: 0.
 - uncommit_free_chunks: 1.
 - use_allocation_guard: 0.
 - handle_deallocations: 1.


Internal statistics:

num_allocs_failed_limit: 0.
num_arena_births: 236.
num_arena_deaths: 0.
num_vsnodes_births: 4.
num_vsnodes_deaths: 0.
num_space_committed: 328.
num_space_uncommitted: 0.
num_chunks_returned_to_freelist: 0.
num_chunks_taken_from_freelist: 778.
num_chunk_merges: 0.
num_chunk_splits: 540.
num_chunks_enlarged: 412.
num_purges: 0.
num_inconsistent_stats: 0.

CodeHeap 'non-profiled nmethods': size=120000Kb used=684Kb max_used=684Kb free=119315Kb
 bounds [0x0000024ada1c0000, 0x0000024ada430000, 0x0000024ae16f0000]
CodeHeap 'profiled nmethods': size=120000Kb used=3703Kb max_used=3703Kb free=116296Kb
 bounds [0x0000024ad26f0000, 0x0000024ad2a90000, 0x0000024ad9c20000]
CodeHeap 'non-nmethods': size=5760Kb used=1279Kb max_used=1292Kb free=4480Kb
 bounds [0x0000024ad9c20000, 0x0000024ad9e90000, 0x0000024ada1c0000]
 total_blobs=2511 nmethods=1912 adapters=511
 compilation: enabled
              stopped_count=0, restarted_count=0
 full_count=0

Compilation events (20 events):
Event: 13.329 Thread 0x0000024aeaccd370 nmethod 1852 0x0000024ad2a69f10 code [0x0000024ad2a6a100, 0x0000024ad2a6a8a8]
Event: 13.329 Thread 0x0000024aeaccd370 1853       3       java.util.ArrayList::contains (14 bytes)
Event: 13.329 Thread 0x0000024aeaccd370 nmethod 1853 0x0000024ad2a6aa90 code [0x0000024ad2a6ac40, 0x0000024ad2a6af48]
Event: 13.329 Thread 0x0000024aeaccd370 1854       3       java.util.ArrayList::indexOf (11 bytes)
Event: 13.329 Thread 0x0000024aeaccd370 nmethod 1854 0x0000024ad2a6b010 code [0x0000024ad2a6b1a0, 0x0000024ad2a6b368]
Event: 13.329 Thread 0x0000024aeaccd370 1855       3       com.sun.org.apache.xerces.internal.xni.QName::<init> (9 bytes)
Event: 13.329 Thread 0x0000024aeaccd370 nmethod 1855 0x0000024ad2a6b410 code [0x0000024ad2a6b5c0, 0x0000024ad2a6b878]
Event: 13.329 Thread 0x0000024aeaccd370 1856       3       com.sun.org.apache.xerces.internal.xni.QName::clear (21 bytes)
Event: 13.329 Thread 0x0000024aeaccd370 nmethod 1856 0x0000024ad2a6b990 code [0x0000024ad2a6bb20, 0x0000024ad2a6bcf8]
Event: 13.330 Thread 0x0000024aeaccd370 1857       3       com.sun.org.apache.xerces.internal.utils.XMLSecurityManager$NameMap::getOldName (18 bytes)
Event: 13.330 Thread 0x0000024aeaccd370 nmethod 1857 0x0000024ad2a6bd90 code [0x0000024ad2a6bf40, 0x0000024ad2a6c108]
Event: 13.330 Thread 0x0000024aeaccd370 1858       1       com.sun.org.apache.xerces.internal.util.Status::isExceptional (5 bytes)
Event: 13.330 Thread 0x0000024aeaccd370 nmethod 1858 0x0000024ada269f90 code [0x0000024ada26a120, 0x0000024ada26a1f8]
Event: 13.331 Thread 0x0000024aeaccd370 1859       3       java.lang.invoke.MemberName::changeReferenceKind (60 bytes)
Event: 13.331 Thread 0x0000024aeaccd370 nmethod 1859 0x0000024ad2a6c210 code [0x0000024ad2a6c3a0, 0x0000024ad2a6c4d8]
Event: 13.331 Thread 0x0000024aeaccd370 1860       1       java.lang.reflect.Constructor::getSharedParameterTypes (5 bytes)
Event: 13.331 Thread 0x0000024aeaccd370 nmethod 1860 0x0000024ada26a290 code [0x0000024ada26a420, 0x0000024ada26a4f8]
Event: 13.335 Thread 0x0000024aeaccd370 1861       1       java.lang.Boolean::booleanValue (5 bytes)
Event: 13.336 Thread 0x0000024aeaccd370 nmethod 1861 0x0000024ada26a590 code [0x0000024ada26a720, 0x0000024ada26a7f8]
Event: 13.336 Thread 0x0000024aeaccd370 1862       3       java.lang.invoke.TypeConvertingMethodAdapter::convertType (299 bytes)

GC Heap History (6 events):
Event: 0.721 GC heap before
{Heap before GC invocations=0 (full 0):
 garbage-first heap   total 194560K, used 12288K [0x0000000742000000, 0x0000000800000000)
  region size 2048K, 6 young (12288K), 0 survivors (0K)
 Metaspace       used 5775K, committed 6016K, reserved 1056768K
  class space    used 536K, committed 640K, reserved 1048576K
}
Event: 0.726 GC heap after
{Heap after GC invocations=1 (full 0):
 garbage-first heap   total 194560K, used 4160K [0x0000000742000000, 0x0000000800000000)
  region size 2048K, 1 young (2048K), 1 survivors (2048K)
 Metaspace       used 5775K, committed 6016K, reserved 1056768K
  class space    used 536K, committed 640K, reserved 1048576K
}
Event: 1.116 GC heap before
{Heap before GC invocations=1 (full 0):
 garbage-first heap   total 194560K, used 10304K [0x0000000742000000, 0x0000000800000000)
  region size 2048K, 5 young (10240K), 1 survivors (2048K)
 Metaspace       used 9487K, committed 9728K, reserved 1064960K
  class space    used 997K, committed 1152K, reserved 1048576K
}
Event: 1.119 GC heap after
{Heap after GC invocations=2 (full 0):
 garbage-first heap   total 194560K, used 5235K [0x0000000742000000, 0x0000000800000000)
  region size 2048K, 1 young (2048K), 1 survivors (2048K)
 Metaspace       used 9487K, committed 9728K, reserved 1064960K
  class space    used 997K, committed 1152K, reserved 1048576K
}
Event: 13.130 GC heap before
{Heap before GC invocations=2 (full 0):
 garbage-first heap   total 194560K, used 27763K [0x0000000742000000, 0x0000000800000000)
  region size 2048K, 13 young (26624K), 1 survivors (2048K)
 Metaspace       used 17602K, committed 17856K, reserved 1064960K
  class space    used 2118K, committed 2240K, reserved 1048576K
}
Event: 13.135 GC heap after
{Heap after GC invocations=3 (full 0):
 garbage-first heap   total 194560K, used 7852K [0x0000000742000000, 0x0000000800000000)
  region size 2048K, 2 young (4096K), 2 survivors (4096K)
 Metaspace       used 17602K, committed 17856K, reserved 1064960K
  class space    used 2118K, committed 2240K, reserved 1048576K
}

Deoptimization events (20 events):
Event: 13.169 Thread 0x0000024acae772d0 DEOPT PACKING pc=0x0000024ad29a539e sp=0x000000a3a8ffcd60
Event: 13.169 Thread 0x0000024acae772d0 DEOPT UNPACKING pc=0x0000024ad9c72b43 sp=0x000000a3a8ffc270 mode 0
Event: 13.170 Thread 0x0000024acae772d0 DEOPT PACKING pc=0x0000024ad29a537d sp=0x000000a3a8ffbfd0
Event: 13.170 Thread 0x0000024acae772d0 DEOPT UNPACKING pc=0x0000024ad9c72b43 sp=0x000000a3a8ffb4e0 mode 0
Event: 13.171 Thread 0x0000024acae772d0 Uncommon trap: trap_request=0xffffffde fr.pc=0x0000024ada22354c relative=0x000000000000028c
Event: 13.171 Thread 0x0000024acae772d0 Uncommon trap: reason=class_check action=maybe_recompile pc=0x0000024ada22354c method=java.util.regex.Pattern$SliceI.match(Ljava/util/regex/Matcher;ILjava/lang/CharSequence;)Z @ 92 c2
Event: 13.171 Thread 0x0000024acae772d0 DEOPT PACKING pc=0x0000024ada22354c sp=0x000000a3a8ffd430
Event: 13.171 Thread 0x0000024acae772d0 DEOPT UNPACKING pc=0x0000024ad9c723a3 sp=0x000000a3a8ffd3a8 mode 2
Event: 13.186 Thread 0x0000024acae772d0 Uncommon trap: trap_request=0xffffffde fr.pc=0x0000024ada22354c relative=0x000000000000028c
Event: 13.186 Thread 0x0000024acae772d0 Uncommon trap: reason=class_check action=maybe_recompile pc=0x0000024ada22354c method=java.util.regex.Pattern$SliceI.match(Ljava/util/regex/Matcher;ILjava/lang/CharSequence;)Z @ 92 c2
Event: 13.186 Thread 0x0000024acae772d0 DEOPT PACKING pc=0x0000024ada22354c sp=0x000000a3a8ffd150
Event: 13.186 Thread 0x0000024acae772d0 DEOPT UNPACKING pc=0x0000024ad9c723a3 sp=0x000000a3a8ffd0c8 mode 2
Event: 13.186 Thread 0x0000024acae772d0 Uncommon trap: trap_request=0xffffffde fr.pc=0x0000024ada22354c relative=0x000000000000028c
Event: 13.186 Thread 0x0000024acae772d0 Uncommon trap: reason=class_check action=maybe_recompile pc=0x0000024ada22354c method=java.util.regex.Pattern$SliceI.match(Ljava/util/regex/Matcher;ILjava/lang/CharSequence;)Z @ 92 c2
Event: 13.186 Thread 0x0000024acae772d0 DEOPT PACKING pc=0x0000024ada22354c sp=0x000000a3a8ffd150
Event: 13.186 Thread 0x0000024acae772d0 DEOPT UNPACKING pc=0x0000024ad9c723a3 sp=0x000000a3a8ffd0c8 mode 2
Event: 13.186 Thread 0x0000024acae772d0 Uncommon trap: trap_request=0xffffffde fr.pc=0x0000024ada22354c relative=0x000000000000028c
Event: 13.186 Thread 0x0000024acae772d0 Uncommon trap: reason=class_check action=maybe_recompile pc=0x0000024ada22354c method=java.util.regex.Pattern$SliceI.match(Ljava/util/regex/Matcher;ILjava/lang/CharSequence;)Z @ 92 c2
Event: 13.186 Thread 0x0000024acae772d0 DEOPT PACKING pc=0x0000024ada22354c sp=0x000000a3a8ffd150
Event: 13.186 Thread 0x0000024acae772d0 DEOPT UNPACKING pc=0x0000024ad9c723a3 sp=0x000000a3a8ffd0c8 mode 2

Classes unloaded (0 events):
No events

Classes redefined (0 events):
No events

Internal exceptions (20 events):
Event: 2.121 Thread 0x0000024acae772d0 Exception <a 'java/lang/NoSuchMethodError'{0x000000074c96e210}: 'int java.lang.invoke.DirectMethodHandle$Holder.invokeStaticInit(java.lang.Object, java.lang.Object, java.lang.Object)'> (0x000000074c96e210) 
thrown [s\open\src\hotspot\share\interpreter\linkResolver.cpp, line 759]
Event: 2.206 Thread 0x0000024acae772d0 Exception <a 'java/lang/NoSuchMethodError'{0x000000074c7a0750}: 'java.lang.Object java.lang.invoke.DirectMethodHandle$Holder.invokeStatic(java.lang.Object, int, int)'> (0x000000074c7a0750) 
thrown [s\open\src\hotspot\share\interpreter\linkResolver.cpp, line 759]
Event: 2.236 Thread 0x0000024acae772d0 Exception <a 'java/lang/NoSuchMethodError'{0x000000074c46c7c8}: 'java.lang.Object java.lang.invoke.DirectMethodHandle$Holder.invokeStatic(java.lang.Object, java.lang.Object, int)'> (0x000000074c46c7c8) 
thrown [s\open\src\hotspot\share\interpreter\linkResolver.cpp, line 759]
Event: 13.136 Thread 0x0000024acae772d0 Exception <a 'java/lang/NoSuchMethodError'{0x000000074c200278}: 'void java.lang.invoke.DirectMethodHandle$Holder.invokeStatic(java.lang.Object, java.lang.Object, java.lang.Object, java.lang.Object)'> (0x000000074c200278) 
thrown [s\open\src\hotspot\share\interpreter\linkResolver.cpp, line 759]
Event: 13.142 Thread 0x0000024acae772d0 Exception <a 'java/lang/NoSuchMethodError'{0x000000074dc31270}: 'int java.lang.invoke.DirectMethodHandle$Holder.invokeStatic(java.lang.Object, java.lang.Object, int)'> (0x000000074dc31270) 
thrown [s\open\src\hotspot\share\interpreter\linkResolver.cpp, line 759]
Event: 13.146 Thread 0x0000024acae772d0 Exception <a 'java/lang/NoSuchMethodError'{0x000000074dc4e060}: 'int java.lang.invoke.DirectMethodHandle$Holder.invokeStatic(java.lang.Object)'> (0x000000074dc4e060) 
thrown [s\open\src\hotspot\share\interpreter\linkResolver.cpp, line 759]
Event: 13.146 Thread 0x0000024acae772d0 Exception <a 'java/lang/NoSuchMethodError'{0x000000074dc51460}: 'int java.lang.invoke.DirectMethodHandle$Holder.invokeStaticInit(java.lang.Object)'> (0x000000074dc51460) 
thrown [s\open\src\hotspot\share\interpreter\linkResolver.cpp, line 759]
Event: 13.156 Thread 0x0000024acae772d0 Exception <a 'java/lang/NoSuchMethodError'{0x000000074dcaea20}: 'void java.lang.invoke.DelegatingMethodHandle$Holder.delegate(java.lang.Object, java.lang.Object, int, java.lang.Object)'> (0x000000074dcaea20) 
thrown [s\open\src\hotspot\share\interpreter\linkResolver.cpp, line 759]
Event: 13.163 Thread 0x0000024acae772d0 Exception <a 'java/lang/IncompatibleClassChangeError'{0x000000074dcef2b0}: Found class java.lang.Object, but interface was expected> (0x000000074dcef2b0) 
thrown [s\open\src\hotspot\share\interpreter\linkResolver.cpp, line 826]
Event: 13.164 Thread 0x0000024acae772d0 Exception <a 'java/lang/NoSuchMethodError'{0x000000074dcf9eb8}: 'void java.lang.invoke.DirectMethodHandle$Holder.invokeSpecial(java.lang.Object, java.lang.Object, java.lang.Object)'> (0x000000074dcf9eb8) 
thrown [s\open\src\hotspot\share\interpreter\linkResolver.cpp, line 759]
Event: 13.166 Thread 0x0000024acae772d0 Exception <a 'java/lang/NoSuchMethodError'{0x000000074dd49008}: 'java.lang.Object java.lang.invoke.DirectMethodHandle$Holder.newInvokeSpecial(java.lang.Object, java.lang.Object, java.lang.Object, int, java.lang.Object)'> (0x000000074dd49008) 
thrown [s\open\src\hotspot\share\interpreter\linkResolver.cpp, line 759]
Event: 13.167 Thread 0x0000024acae772d0 Exception <a 'java/lang/NoSuchMethodError'{0x000000074dd50bc8}: 'java.lang.Object java.lang.invoke.Invokers$Holder.linkToTargetMethod(java.lang.Object, java.lang.Object, int, java.lang.Object, java.lang.Object)'> (0x000000074dd50bc8) 
thrown [s\open\src\hotspot\share\interpreter\linkResolver.cpp, line 759]
Event: 13.194 Thread 0x0000024acae772d0 Exception <a 'java/lang/NoSuchMethodError'{0x000000074da39c68}: 'int java.lang.invoke.DirectMethodHandle$Holder.invokeSpecial(java.lang.Object, java.lang.Object, int)'> (0x000000074da39c68) 
thrown [s\open\src\hotspot\share\interpreter\linkResolver.cpp, line 759]
Event: 13.273 Thread 0x0000024acae772d0 Exception <a 'java/lang/NoSuchMethodError'{0x000000074d9b74a8}: 'long java.lang.invoke.DirectMethodHandle$Holder.invokeVirtual(java.lang.Object, java.lang.Object)'> (0x000000074d9b74a8) 
thrown [s\open\src\hotspot\share\interpreter\linkResolver.cpp, line 759]
Event: 13.274 Thread 0x0000024acae772d0 Exception <a 'java/lang/NoSuchMethodError'{0x000000074d9be158}: 'int java.lang.invoke.DirectMethodHandle$Holder.invokeStatic(java.lang.Object, java.lang.Object, java.lang.Object, java.lang.Object)'> (0x000000074d9be158) 
thrown [s\open\src\hotspot\share\interpreter\linkResolver.cpp, line 759]
Event: 13.274 Thread 0x0000024acae772d0 Exception <a 'java/lang/NoSuchMethodError'{0x000000074d9c1830}: 'java.lang.Object java.lang.invoke.Invokers$Holder.invokeExact_MT(java.lang.Object, java.lang.Object, java.lang.Object, java.lang.Object, java.lang.Object, java.lang.Object)'> (0x000000074d9c1830) 
thrown [s\open\src\hotspot\share\interpreter\linkResolver.cpp, line 759]
Event: 13.294 Thread 0x0000024acae772d0 Exception <a 'java/lang/NoSuchMethodError'{0x000000074d714160}: 'void java.lang.invoke.DirectMethodHandle$Holder.invokeVirtual(java.lang.Object, java.lang.Object, java.lang.Object, int)'> (0x000000074d714160) 
thrown [s\open\src\hotspot\share\interpreter\linkResolver.cpp, line 759]
Event: 13.295 Thread 0x0000024acae772d0 Exception <a 'java/lang/NoSuchMethodError'{0x000000074d71be48}: 'void java.lang.invoke.DirectMethodHandle$Holder.invokeVirtual(java.lang.Object, java.lang.Object, java.lang.Object, java.lang.Object)'> (0x000000074d71be48) 
thrown [s\open\src\hotspot\share\interpreter\linkResolver.cpp, line 759]
Event: 13.330 Thread 0x0000024acae772d0 Exception <a 'java/lang/NoSuchMethodError'{0x000000074d756c60}: 'void java.lang.invoke.DirectMethodHandle$Holder.invokeStatic(java.lang.Object, java.lang.Object, java.lang.Object, int)'> (0x000000074d756c60) 
thrown [s\open\src\hotspot\share\interpreter\linkResolver.cpp, line 759]
Event: 13.330 Thread 0x0000024acae772d0 Exception <a 'java/lang/NoSuchMethodError'{0x000000074d75a3c8}: 'void java.lang.invoke.DirectMethodHandle$Holder.invokeStaticInit(java.lang.Object, java.lang.Object, java.lang.Object, int)'> (0x000000074d75a3c8) 
thrown [s\open\src\hotspot\share\interpreter\linkResolver.cpp, line 759]

VM Operations (20 events):
Event: 0.899 Executing VM operation: HandshakeAllThreads
Event: 0.899 Executing VM operation: HandshakeAllThreads done
Event: 1.002 Executing VM operation: HandshakeAllThreads
Event: 1.002 Executing VM operation: HandshakeAllThreads done
Event: 1.116 Executing VM operation: G1CollectForAllocation
Event: 1.119 Executing VM operation: G1CollectForAllocation done
Event: 1.254 Executing VM operation: HandshakeAllThreads
Event: 1.254 Executing VM operation: HandshakeAllThreads done
Event: 1.274 Executing VM operation: HandshakeAllThreads
Event: 1.275 Executing VM operation: HandshakeAllThreads done
Event: 1.282 Executing VM operation: HandshakeAllThreads
Event: 1.282 Executing VM operation: HandshakeAllThreads done
Event: 2.281 Executing VM operation: Cleanup
Event: 2.281 Executing VM operation: Cleanup done
Event: 7.288 Executing VM operation: Cleanup
Event: 7.288 Executing VM operation: Cleanup done
Event: 13.130 Executing VM operation: G1CollectForAllocation
Event: 13.135 Executing VM operation: G1CollectForAllocation done
Event: 13.215 Executing VM operation: HandshakeAllThreads
Event: 13.215 Executing VM operation: HandshakeAllThreads done

Events (20 events):
Event: 13.334 loading class com/sun/org/apache/xerces/internal/jaxp/SAXParserImpl$JAXPSAXParser done
Event: 13.335 loading class com/sun/org/apache/xerces/internal/parsers/AbstractSAXParser$AttributesProxy
Event: 13.335 loading class org/xml/sax/AttributeList
Event: 13.335 loading class org/xml/sax/AttributeList done
Event: 13.335 loading class org/xml/sax/ext/Attributes2
Event: 13.335 loading class org/xml/sax/Attributes
Event: 13.335 loading class org/xml/sax/Attributes done
Event: 13.335 loading class org/xml/sax/ext/Attributes2 done
Event: 13.335 loading class com/sun/org/apache/xerces/internal/parsers/AbstractSAXParser$AttributesProxy done
Event: 13.337 loading class org/xml/sax/EntityResolver
Event: 13.337 loading class org/xml/sax/EntityResolver done
Event: 13.337 loading class org/xml/sax/InputSource
Event: 13.337 loading class org/xml/sax/InputSource done
Event: 13.337 loading class org/xml/sax/ext/EntityResolver2
Event: 13.337 loading class org/xml/sax/ext/EntityResolver2 done
Event: 13.337 loading class com/sun/org/apache/xerces/internal/util/EntityResolverWrapper
Event: 13.338 loading class com/sun/org/apache/xerces/internal/util/EntityResolverWrapper done
Event: 13.338 loading class com/sun/org/apache/xerces/internal/impl/ExternalSubsetResolver
Event: 13.338 loading class com/sun/org/apache/xerces/internal/impl/ExternalSubsetResolver done
Event: 13.339 loading class org/xml/sax/SAXParseException


Dynamic libraries:
0x00007ff7d6820000 - 0x00007ff7d6830000 	C:\Program Files\Java\jdk-17\bin\java.exe
0x00007ffcabd50000 - 0x00007ffcabf67000 	C:\WINDOWS\SYSTEM32\ntdll.dll
0x00007ffcaafc0000 - 0x00007ffcab084000 	C:\WINDOWS\System32\KERNEL32.DLL
0x00007ffca95c0000 - 0x00007ffca996d000 	C:\WINDOWS\System32\KERNELBASE.dll
0x00007ffca9210000 - 0x00007ffca9321000 	C:\WINDOWS\System32\ucrtbase.dll
0x00007ffc98f90000 - 0x00007ffc98fab000 	C:\Program Files\Java\jdk-17\bin\VCRUNTIME140.dll
0x00007ffc9c260000 - 0x00007ffc9c278000 	C:\Program Files\Java\jdk-17\bin\jli.dll
0x00007ffcaaf00000 - 0x00007ffcaafb2000 	C:\WINDOWS\System32\ADVAPI32.dll
0x00007ffcaa040000 - 0x00007ffcaa0e7000 	C:\WINDOWS\System32\msvcrt.dll
0x00007ffcaa380000 - 0x00007ffcaa429000 	C:\WINDOWS\System32\sechost.dll
0x00007ffca9080000 - 0x00007ffca90a8000 	C:\WINDOWS\System32\bcrypt.dll
0x00007ffcab6a0000 - 0x00007ffcab7b4000 	C:\WINDOWS\System32\RPCRT4.dll
0x00007ffca9b50000 - 0x00007ffca9cfe000 	C:\WINDOWS\System32\USER32.dll
0x00007ffc90550000 - 0x00007ffc907e3000 	C:\WINDOWS\WinSxS\amd64_microsoft.windows.common-controls_6595b64144ccf1df_6.0.22621.3672_none_2713b9d173822955\COMCTL32.dll
0x00007ffcab090000 - 0x00007ffcab0b9000 	C:\WINDOWS\System32\GDI32.dll
0x00007ffca9330000 - 0x00007ffca9356000 	C:\WINDOWS\System32\win32u.dll
0x00007ffca9970000 - 0x00007ffca9a89000 	C:\WINDOWS\System32\gdi32full.dll
0x00007ffca90b0000 - 0x00007ffca914a000 	C:\WINDOWS\System32\msvcp_win.dll
0x00007ffca08a0000 - 0x00007ffca08aa000 	C:\WINDOWS\SYSTEM32\VERSION.dll
0x00007ffcaa340000 - 0x00007ffcaa371000 	C:\WINDOWS\System32\IMM32.DLL
0x00007ffc9db40000 - 0x00007ffc9db4c000 	C:\Program Files\Java\jdk-17\bin\vcruntime140_1.dll
0x00007ffc7d560000 - 0x00007ffc7d5ee000 	C:\Program Files\Java\jdk-17\bin\msvcp140.dll
0x00007ffc571c0000 - 0x00007ffc57d97000 	C:\Program Files\Java\jdk-17\bin\server\jvm.dll
0x00007ffca9a90000 - 0x00007ffca9a98000 	C:\WINDOWS\System32\PSAPI.DLL
0x00007ffca26e0000 - 0x00007ffca2714000 	C:\WINDOWS\SYSTEM32\WINMM.dll
0x00007ffc84ef0000 - 0x00007ffc84ef9000 	C:\WINDOWS\SYSTEM32\WSOCK32.dll
0x00007ffca9e60000 - 0x00007ffca9ed1000 	C:\WINDOWS\System32\ws2_32.DLL
0x00007ffca8160000 - 0x00007ffca8178000 	C:\WINDOWS\SYSTEM32\kernel.appcore.dll
0x00007ffc98f80000 - 0x00007ffc98f8a000 	C:\Program Files\Java\jdk-17\bin\jimage.dll
0x00007ffca6d00000 - 0x00007ffca6f32000 	C:\WINDOWS\SYSTEM32\DBGHELP.DLL
0x00007ffcab980000 - 0x00007ffcabd08000 	C:\WINDOWS\System32\combase.dll
0x00007ffca9ee0000 - 0x00007ffca9fb7000 	C:\WINDOWS\System32\OLEAUT32.dll
0x00007ffc89410000 - 0x00007ffc89442000 	C:\WINDOWS\SYSTEM32\dbgcore.DLL
0x00007ffca9540000 - 0x00007ffca95bb000 	C:\WINDOWS\System32\bcryptPrimitives.dll
0x00007ffc9c280000 - 0x00007ffc9c28e000 	C:\Program Files\Java\jdk-17\bin\instrument.dll
0x00007ffc8f660000 - 0x00007ffc8f685000 	C:\Program Files\Java\jdk-17\bin\java.dll
0x00007ffc7d430000 - 0x00007ffc7d507000 	C:\Program Files\Java\jdk-17\bin\jsvml.dll
0x00007ffcaa6a0000 - 0x00007ffcaaeff000 	C:\WINDOWS\System32\SHELL32.dll
0x00007ffca6f40000 - 0x00007ffca783c000 	C:\WINDOWS\SYSTEM32\windows.storage.dll
0x00007ffca6bc0000 - 0x00007ffca6cff000 	C:\WINDOWS\SYSTEM32\wintypes.dll
0x00007ffca9d00000 - 0x00007ffca9df4000 	C:\WINDOWS\System32\SHCORE.dll
0x00007ffca9e00000 - 0x00007ffca9e5e000 	C:\WINDOWS\System32\shlwapi.dll
0x00007ffca8fb0000 - 0x00007ffca8fd1000 	C:\WINDOWS\SYSTEM32\profapi.dll
0x00007ffc8fc10000 - 0x00007ffc8fc28000 	C:\Program Files\Java\jdk-17\bin\zip.dll
0x00007ffc90880000 - 0x00007ffc90899000 	C:\Program Files\Java\jdk-17\bin\net.dll
0x00007ffca25a0000 - 0x00007ffca26d6000 	C:\WINDOWS\SYSTEM32\WINHTTP.dll
0x00007ffca85d0000 - 0x00007ffca8639000 	C:\WINDOWS\system32\mswsock.dll
0x00007ffc90140000 - 0x00007ffc90156000 	C:\Program Files\Java\jdk-17\bin\nio.dll
0x00007ffc8cf10000 - 0x00007ffc8cf2a000 	C:\Program Files\JetBrains\IntelliJ IDEA 2023.1.4\bin\breakgen64.dll
0x00007ffc8f6b0000 - 0x00007ffc8f6ba000 	C:\Program Files\Java\jdk-17\bin\management.dll
0x00007ffc8f650000 - 0x00007ffc8f65b000 	C:\Program Files\Java\jdk-17\bin\management_ext.dll
0x00007ffc827d0000 - 0x00007ffc827e7000 	C:\WINDOWS\system32\napinsp.dll
0x00007ffc827b0000 - 0x00007ffc827cb000 	C:\WINDOWS\system32\pnrpnsp.dll
0x00007ffca7bd0000 - 0x00007ffca7cc8000 	C:\WINDOWS\SYSTEM32\DNSAPI.dll
0x00007ffca7b60000 - 0x00007ffca7b8d000 	C:\WINDOWS\SYSTEM32\IPHLPAPI.DLL
0x00007ffcaa0f0000 - 0x00007ffcaa0f9000 	C:\WINDOWS\System32\NSI.dll
0x00007ffc82840000 - 0x00007ffc82851000 	C:\WINDOWS\System32\winrnr.dll
0x00007ffc82790000 - 0x00007ffc827a5000 	C:\WINDOWS\system32\wshbth.dll
0x00007ffc831b0000 - 0x00007ffc831d7000 	C:\WINDOWS\system32\nlansp_c.dll
0x00007ffc920c0000 - 0x00007ffc920ca000 	C:\Windows\System32\rasadhlp.dll
0x00007ffca13a0000 - 0x00007ffca1423000 	C:\WINDOWS\System32\fwpuclnt.dll
0x00007ffca8860000 - 0x00007ffca887b000 	C:\WINDOWS\SYSTEM32\CRYPTSP.dll
0x00007ffca80c0000 - 0x00007ffca80f5000 	C:\WINDOWS\system32\rsaenh.dll
0x00007ffca86b0000 - 0x00007ffca86d8000 	C:\WINDOWS\SYSTEM32\USERENV.dll
0x00007ffca8850000 - 0x00007ffca885c000 	C:\WINDOWS\SYSTEM32\CRYPTBASE.dll
0x00007ffca2510000 - 0x00007ffca2529000 	C:\WINDOWS\SYSTEM32\dhcpcsvc6.DLL
0x00007ffca24f0000 - 0x00007ffca250f000 	C:\WINDOWS\SYSTEM32\dhcpcsvc.DLL
0x00007ffc8f280000 - 0x00007ffc8f28d000 	C:\Program Files\Java\jdk-17\bin\sunmscapi.dll
0x00007ffca9360000 - 0x00007ffca94c7000 	C:\WINDOWS\System32\CRYPT32.dll
0x00007ffca8a10000 - 0x00007ffca8a3e000 	C:\WINDOWS\SYSTEM32\ncrypt.dll
0x00007ffca89d0000 - 0x00007ffca8a07000 	C:\WINDOWS\SYSTEM32\NTASN1.dll

dbghelp: loaded successfully - version: 4.0.5 - missing functions: none
symbol engine: initialized successfully - sym options: 0x614 - pdb path: .;C:\Program Files\Java\jdk-17\bin;C:\WINDOWS\SYSTEM32;C:\WINDOWS\WinSxS\amd64_microsoft.windows.common-controls_6595b64144ccf1df_6.0.22621.3672_none_2713b9d173822955;C:\Program Files\Java\jdk-17\bin\server;C:\Program Files\JetBrains\IntelliJ IDEA 2023.1.4\bin

VM Arguments:
jvm_args: -javaagent:C:\Program Files\JetBrains\IntelliJ IDEA 2023.1.4\lib\idea_rt.jar=59631:C:\Program Files\JetBrains\IntelliJ IDEA 2023.1.4\bin -Dfile.encoding=UTF-8 
java_command: vn.edu.likelion.app.WarehouseManagementApp
java_class_path (initial): D:\IntelliJ-workspace\likelion\WarehouseManagement\target\classes;C:\Users\Hp\.m2\repository\com\oracle\database\jdbc\ojdbc11\23.4.0.24.05\ojdbc11-23.4.0.24.05.jar;C:\Users\Hp\.m2\repository\org\apache\poi\poi\5.3.0\poi-5.3.0.jar;C:\Users\Hp\.m2\repository\commons-codec\commons-codec\1.17.0\commons-codec-1.17.0.jar;C:\Users\Hp\.m2\repository\org\apache\commons\commons-collections4\4.4\commons-collections4-4.4.jar;C:\Users\Hp\.m2\repository\org\apache\commons\commons-math3\3.6.1\commons-math3-3.6.1.jar;C:\Users\Hp\.m2\repository\commons-io\commons-io\2.16.1\commons-io-2.16.1.jar;C:\Users\Hp\.m2\repository\com\zaxxer\SparseBitSet\1.3\SparseBitSet-1.3.jar;C:\Users\Hp\.m2\repository\org\apache\logging\log4j\log4j-api\2.23.1\log4j-api-2.23.1.jar;C:\Users\Hp\.m2\repository\org\apache\poi\poi-ooxml\5.3.0\poi-ooxml-5.3.0.jar;C:\Users\Hp\.m2\repository\org\apache\poi\poi-ooxml-lite\5.3.0\poi-ooxml-lite-5.3.0.jar;C:\Users\Hp\.m2\repository\org\apache\xmlbeans\xmlbeans\5.2.1\xmlbeans-5.2.1.jar;C:\Users\Hp\.m2\repository\org\apache\commons\commons-compress\1.26.2\commons-compress-1.26.2.jar;C:\Users\Hp\.m2\repository\org\apache\commons\commons-lang3\3.14.0\commons-lang3-3.14.0.jar;C:\Users\Hp\.m2\repository\com\github\virtuald\curvesapi\1.08\curvesapi-1.08.jar
Launcher Type: SUN_STANDARD

[Global flags]
     intx CICompilerCount                          = 3                                         {product} {ergonomic}
     uint ConcGCThreads                            = 1                                         {product} {ergonomic}
     uint G1ConcRefinementThreads                  = 4                                         {product} {ergonomic}
   size_t G1HeapRegionSize                         = 2097152                                   {product} {ergonomic}
    uintx GCDrainStackTargetSize                   = 64                                        {product} {ergonomic}
   size_t InitialHeapSize                          = 199229440                                 {product} {ergonomic}
   size_t MarkStackSize                            = 4194304                                   {product} {ergonomic}
   size_t MaxHeapSize                              = 3187671040                                {product} {ergonomic}
   size_t MaxNewSize                               = 1912602624                                {product} {ergonomic}
   size_t MinHeapDeltaBytes                        = 2097152                                   {product} {ergonomic}
   size_t MinHeapSize                              = 8388608                                   {product} {ergonomic}
    uintx NonNMethodCodeHeapSize                   = 5832780                                {pd product} {ergonomic}
    uintx NonProfiledCodeHeapSize                  = 122912730                              {pd product} {ergonomic}
    uintx ProfiledCodeHeapSize                     = 122912730                              {pd product} {ergonomic}
    uintx ReservedCodeCacheSize                    = 251658240                              {pd product} {ergonomic}
     bool SegmentedCodeCache                       = true                                      {product} {ergonomic}
   size_t SoftMaxHeapSize                          = 3187671040                             {manageable} {ergonomic}
     bool UseCompressedClassPointers               = true                           {product lp64_product} {ergonomic}
     bool UseCompressedOops                        = true                           {product lp64_product} {ergonomic}
     bool UseG1GC                                  = true                                      {product} {ergonomic}
     bool UseLargePagesIndividualAllocation        = false                                  {pd product} {ergonomic}

Logging:
Log output configuration:
 #0: stdout all=warning uptime,level,tags
 #1: stderr all=off uptime,level,tags

Environment Variables:
JAVA_HOME=D:\Java\OpenJDK20\openjdk-20.0.2_windows-x64_bin\jdk-20.0.2
PATH=C:\Python312\Scripts\;C:\Python312\;C:\Program Files\Common Files\Oracle\Java\javapath;C:\WINDOWS\system32;C:\WINDOWS;C:\WINDOWS\System32\Wbem;C:\WINDOWS\System32\WindowsPowerShell\v1.0\;C:\WINDOWS\System32\OpenSSH\;;C:\Program Files\Microsoft SQL Server\Client SDK\ODBC\170\Tools\Binn\;C:\Program Files (x86)\Microsoft SQL Server\150\Tools\Binn\;C:\Program Files\Microsoft SQL Server\150\Tools\Binn\;C:\Program Files\Microsoft SQL Server\150\DTS\Binn\;C:\Program Files\Java\jdk-17\bin;C:\Program Files\Git\cmd;C:\Program Files\nodejs\;C:\ProgramData\chocolatey\bin;C:\Program Files\HP\HP One Agent;C:\Program Files\Docker\Docker\resources\bin;C:\Users\Hp\AppData\Local\Programs\Python\Python312\Scripts\;C:\Users\Hp\AppData\Local\Programs\Python\Python312\;C:\Users\Hp\AppData\Local\Programs\Microsoft VS Code\bin;C:\msys64\mingw64\bin;C:\Users\Hp\AppData\Local\Microsoft\WindowsApps;C:\Program Files\Azure Data Studio\bin;C:\Users\Hp\AppData\Local\Google\Cloud SDK\google-cloud-sdk\bin;C:\Users\Hp\jq;C:\Users\Hp\AppData\Roaming\npm;C:\Users\Hp\AppData\Local\Programs\Python\Python312;C:\Users\Hp\AppData\Local\Programs\Python\Python312\Scripts;C:\Users\Hp\Downloads\sqlmap\sqlmap-dev;
USERNAME=Hp
OS=Windows_NT
PROCESSOR_IDENTIFIER=Intel64 Family 6 Model 142 Stepping 10, GenuineIntel



---------------  S Y S T E M  ---------------

OS:
 Windows 11 , 64 bit Build 22621 (10.0.22621.3672)
OS uptime: 0 days 7:25 hours
Hyper-V role detected

CPU: total 4 (initial active 4) (2 cores per cpu, 2 threads per core) family 6 model 142 stepping 10 microcode 0xe0, cx8, cmov, fxsr, ht, mmx, 3dnowpref, sse, sse2, sse3, ssse3, sse4.1, sse4.2, popcnt, lzcnt, tsc, tscinvbit, avx, avx2, aes, erms, clmul, bmi1, bmi2, adx, fma, vzeroupper, clflush, clflushopt, hv

Memory: 4k page, system-wide physical 12156M (622M free)
TotalPageFile size 18156M (AvailPageFile size 30M)
current process WorkingSet (physical memory assigned to process): 113M, peak: 113M
current process commit charge ("private bytes"): 304M, peak: 304M

vm_info: Java HotSpot(TM) 64-Bit Server VM (17.0.6+9-LTS-190) for windows-amd64 JRE (17.0.6+9-LTS-190), built on Dec  6 2022 15:53:54 by "mach5one" with MS VC++ 17.1 (VS2022)

END.
