#
# There is insufficient memory for the Java Runtime Environment to continue.
# Native memory allocation (mmap) failed to map 3112960 bytes for G1 virtual space
# Possible reasons:
#   The system is out of physical RAM or swap space
#   The process is running with CompressedOops enabled, and the Java Heap may be blocking the growth of the native heap
# Possible solutions:
#   Reduce memory load on the system
#   Increase physical memory or swap space
#   Check if swap backing store is full
#   Decrease Java heap size (-Xmx/-Xms)
#   Decrease number of Java threads
#   Decrease Java thread stack sizes (-Xss)
#   Set larger code cache with -XX:ReservedCodeCacheSize=
#   JVM is running with Zero Based Compressed Oops mode in which the Java heap is
#     placed in the first 32GB address space. The Java Heap base address is the
#     maximum limit for the native heap growth. Please use -XX:HeapBaseMinAddress
#     to set the Java Heap base and to place the Java Heap above 32GB virtual address.
# This output file may be truncated or incomplete.
#
#  Out of Memory Error (os_windows.cpp:3550), pid=6844, tid=5444
#
# JRE version:  (17.0.6+9) (build )
# Java VM: Java HotSpot(TM) 64-Bit Server VM (17.0.6+9-LTS-190, mixed mode, sharing, tiered, compressed oops, compressed class ptrs, g1 gc, windows-amd64)
# No core dump will be written. Minidumps are not enabled by default on client versions of Windows
#

---------------  S U M M A R Y ------------

Command Line: -javaagent:C:\Program Files\JetBrains\IntelliJ IDEA 2023.1.4\lib\idea_rt.jar=52689:C:\Program Files\JetBrains\IntelliJ IDEA 2023.1.4\bin -Dfile.encoding=UTF-8 vn.edu.likelion.app.WarehouseManagementApp

Host: Intel(R) Core(TM) i3-8130U CPU @ 2.20GHz, 4 cores, 11G,  Windows 11 , 64 bit Build 22621 (10.0.22621.3672)
Time: Sat Jul 27 10:41:21 2024 SE Asia Standard Time elapsed time: 0.024369 seconds (0d 0h 0m 0s)

---------------  T H R E A D  ---------------

Current thread (0x00000275f6291ac0):  JavaThread "Unknown thread" [_thread_in_vm, id=5444, stack(0x000000996e500000,0x000000996e600000)]

Stack: [0x000000996e500000,0x000000996e600000]
Native frames: (J=compiled Java code, j=interpreted, Vv=VM code, C=native code)
V  [jvm.dll+0x6734ea]
V  [jvm.dll+0x7d18f4]
V  [jvm.dll+0x7d309e]
V  [jvm.dll+0x7d3703]
V  [jvm.dll+0x2433c5]
V  [jvm.dll+0x6703f9]
V  [jvm.dll+0x664d32]
V  [jvm.dll+0x300086]
V  [jvm.dll+0x307606]
V  [jvm.dll+0x356c48]
V  [jvm.dll+0x356e4f]
V  [jvm.dll+0x2d72e8]
V  [jvm.dll+0x2d8254]
V  [jvm.dll+0x7a33b1]
V  [jvm.dll+0x3647f1]
V  [jvm.dll+0x782839]
V  [jvm.dll+0x3e757f]
V  [jvm.dll+0x3e9001]
C  [jli.dll+0x5297]
C  [ucrtbase.dll+0x29333]
C  [KERNEL32.DLL+0x1257d]
C  [ntdll.dll+0x5af28]


---------------  P R O C E S S  ---------------

Threads class SMR info:
_java_thread_list=0x00007ffba73be958, length=0, elements={
}

Java Threads: ( => current thread )

Other Threads:
  0x00000275f62e9960 GCTaskThread "GC Thread#0" [stack: 0x000000996e600000,0x000000996e700000] [id=16564]
  0x00000275f62f6dc0 ConcurrentGCThread "G1 Main Marker" [stack: 0x000000996e700000,0x000000996e800000] [id=15100]
  0x00000275f62f96a0 ConcurrentGCThread "G1 Conc#0" [stack: 0x000000996e800000,0x000000996e900000] [id=4100]

[error occurred during error reporting (printing all threads), id 0xc0000005, EXCEPTION_ACCESS_VIOLATION (0xc0000005) at pc=0x00007ffba6bf7f07]

VM state: not at safepoint (not fully initialized)

VM Mutex/Monitor currently owned by a thread:  ([mutex/lock_event])
[0x00000275f628db10] Heap_lock - owner thread: 0x00000275f6291ac0

Heap address: 0x0000000742000000, size: 3040 MB, Compressed Oops mode: Zero based, Oop shift amount: 3

CDS archive(s) mapped at: [0x0000000000000000-0x0000000000000000-0x0000000000000000), size 0, SharedBaseAddress: 0x0000000800000000, ArchiveRelocationMode: 0.
Narrow klass base: 0x0000000000000000, Narrow klass shift: 0, Narrow klass range: 0x0

GC Precious Log:
<Empty>

Heap:
 garbage-first heap   total 0K, used 0K [0x0000000742000000, 0x0000000800000000)
  region size 2048K, 0 young (0K), 0 survivors (0K)

[error occurred during error reporting (printing heap information), id 0xc0000005, EXCEPTION_ACCESS_VIOLATION (0xc0000005) at pc=0x00007ffba6fdc759]

GC Heap History (0 events):
No events

Deoptimization events (0 events):
No events

Classes unloaded (0 events):
No events

Classes redefined (0 events):
No events

Internal exceptions (0 events):
No events

VM Operations (0 events):
No events

Events (1 events):
Event: 0.016 Loaded shared library C:\Program Files\Java\jdk-17\bin\java.dll


Dynamic libraries:
0x00007ff6506e0000 - 0x00007ff6506f0000 	C:\Program Files\Java\jdk-17\bin\java.exe
0x00007ffbfc330000 - 0x00007ffbfc547000 	C:\WINDOWS\SYSTEM32\ntdll.dll
0x00007ffbfa1e0000 - 0x00007ffbfa2a4000 	C:\WINDOWS\System32\KERNEL32.DLL
0x00007ffbf9660000 - 0x00007ffbf9a0d000 	C:\WINDOWS\System32\KERNELBASE.dll
0x00007ffbf9e50000 - 0x00007ffbf9f61000 	C:\WINDOWS\System32\ucrtbase.dll
0x00007ffbd58e0000 - 0x00007ffbd58fb000 	C:\Program Files\Java\jdk-17\bin\VCRUNTIME140.dll
0x00007ffbdd860000 - 0x00007ffbdd878000 	C:\Program Files\Java\jdk-17\bin\jli.dll
0x00007ffbfbea0000 - 0x00007ffbfbf52000 	C:\WINDOWS\System32\ADVAPI32.dll
0x00007ffbfa080000 - 0x00007ffbfa127000 	C:\WINDOWS\System32\msvcrt.dll
0x00007ffbfa130000 - 0x00007ffbfa1d9000 	C:\WINDOWS\System32\sechost.dll
0x00007ffbfa040000 - 0x00007ffbfa068000 	C:\WINDOWS\System32\bcrypt.dll
0x00007ffbfb930000 - 0x00007ffbfba44000 	C:\WINDOWS\System32\RPCRT4.dll
0x00007ffbfb540000 - 0x00007ffbfb6ee000 	C:\WINDOWS\System32\USER32.dll
0x00007ffbf9f70000 - 0x00007ffbf9f96000 	C:\WINDOWS\System32\win32u.dll
0x00007ffbfb030000 - 0x00007ffbfb059000 	C:\WINDOWS\System32\GDI32.dll
0x00007ffbf9c00000 - 0x00007ffbf9d19000 	C:\WINDOWS\System32\gdi32full.dll
0x00007ffbf9fa0000 - 0x00007ffbfa03a000 	C:\WINDOWS\System32\msvcp_win.dll
0x00007ffbe0810000 - 0x00007ffbe0aa3000 	C:\WINDOWS\WinSxS\amd64_microsoft.windows.common-controls_6595b64144ccf1df_6.0.22621.3672_none_2713b9d173822955\COMCTL32.dll
0x00007ffbef480000 - 0x00007ffbef48a000 	C:\WINDOWS\SYSTEM32\VERSION.dll
0x00007ffbfb6f0000 - 0x00007ffbfb721000 	C:\WINDOWS\System32\IMM32.DLL
0x00007ffbdf250000 - 0x00007ffbdf25c000 	C:\Program Files\Java\jdk-17\bin\vcruntime140_1.dll
0x00007ffbd4d00000 - 0x00007ffbd4d8e000 	C:\Program Files\Java\jdk-17\bin\msvcp140.dll
0x00007ffba6910000 - 0x00007ffba74e7000 	C:\Program Files\Java\jdk-17\bin\server\jvm.dll
0x00007ffbfba70000 - 0x00007ffbfba78000 	C:\WINDOWS\System32\PSAPI.DLL
0x00007ffbd4cc0000 - 0x00007ffbd4cc9000 	C:\WINDOWS\SYSTEM32\WSOCK32.dll
0x00007ffbfbf60000 - 0x00007ffbfbfd1000 	C:\WINDOWS\System32\WS2_32.dll
0x00007ffbf2d30000 - 0x00007ffbf2d64000 	C:\WINDOWS\SYSTEM32\WINMM.dll
0x00007ffbf8740000 - 0x00007ffbf8758000 	C:\WINDOWS\SYSTEM32\kernel.appcore.dll
0x00007ffbdeee0000 - 0x00007ffbdeeea000 	C:\Program Files\Java\jdk-17\bin\jimage.dll
0x00007ffbf71a0000 - 0x00007ffbf73d2000 	C:\WINDOWS\SYSTEM32\DBGHELP.DLL
0x00007ffbfba80000 - 0x00007ffbfbe08000 	C:\WINDOWS\System32\combase.dll
0x00007ffbfab70000 - 0x00007ffbfac47000 	C:\WINDOWS\System32\OLEAUT32.dll
0x00007ffbd9780000 - 0x00007ffbd97b2000 	C:\WINDOWS\SYSTEM32\dbgcore.DLL
0x00007ffbf9b80000 - 0x00007ffbf9bfb000 	C:\WINDOWS\System32\bcryptPrimitives.dll
0x00007ffbf31d0000 - 0x00007ffbf31de000 	C:\Program Files\Java\jdk-17\bin\instrument.dll
0x00007ffbd5690000 - 0x00007ffbd56b5000 	C:\Program Files\Java\jdk-17\bin\java.dll

dbghelp: loaded successfully - version: 4.0.5 - missing functions: none
symbol engine: initialized successfully - sym options: 0x614 - pdb path: .;C:\Program Files\Java\jdk-17\bin;C:\WINDOWS\SYSTEM32;C:\WINDOWS\WinSxS\amd64_microsoft.windows.common-controls_6595b64144ccf1df_6.0.22621.3672_none_2713b9d173822955;C:\Program Files\Java\jdk-17\bin\server

VM Arguments:
jvm_args: -javaagent:C:\Program Files\JetBrains\IntelliJ IDEA 2023.1.4\lib\idea_rt.jar=52689:C:\Program Files\JetBrains\IntelliJ IDEA 2023.1.4\bin -Dfile.encoding=UTF-8 
java_command: vn.edu.likelion.app.WarehouseManagementApp
java_class_path (initial): D:\IntelliJ-workspace\likelion\WarehouseManagement\target\classes;C:\Users\Hp\.m2\repository\com\oracle\database\jdbc\ojdbc11\23.4.0.24.05\ojdbc11-23.4.0.24.05.jar
Launcher Type: SUN_STANDARD

[Global flags]
     intx CICompilerCount                          = 3                                         {product} {ergonomic}
     uint ConcGCThreads                            = 1                                         {product} {ergonomic}
     uint G1ConcRefinementThreads                  = 4                                         {product} {ergonomic}
   size_t G1HeapRegionSize                         = 2097152                                   {product} {ergonomic}
    uintx GCDrainStackTargetSize                   = 64                                        {product} {ergonomic}
   size_t InitialHeapSize                          = 199229440                                 {product} {ergonomic}
   size_t MarkStackSize                            = 4194304                                   {product} {ergonomic}
   size_t MaxHeapSize                              = 3187671040                                {product} {ergonomic}
   size_t MinHeapDeltaBytes                        = 2097152                                   {product} {ergonomic}
   size_t MinHeapSize                              = 8388608                                   {product} {ergonomic}
    uintx NonNMethodCodeHeapSize                   = 5832780                                {pd product} {ergonomic}
    uintx NonProfiledCodeHeapSize                  = 122912730                              {pd product} {ergonomic}
    uintx ProfiledCodeHeapSize                     = 122912730                              {pd product} {ergonomic}
    uintx ReservedCodeCacheSize                    = 251658240                              {pd product} {ergonomic}
     bool SegmentedCodeCache                       = true                                      {product} {ergonomic}
   size_t SoftMaxHeapSize                          = 3187671040                             {manageable} {ergonomic}
     bool UseCompressedClassPointers               = true                           {product lp64_product} {ergonomic}
     bool UseCompressedOops                        = true                           {product lp64_product} {ergonomic}
     bool UseG1GC                                  = true                                      {product} {ergonomic}
     bool UseLargePagesIndividualAllocation        = false                                  {pd product} {ergonomic}

Logging:
Log output configuration:
 #0: stdout all=warning uptime,level,tags
 #1: stderr all=off uptime,level,tags

Environment Variables:
JAVA_HOME=D:\Java\OpenJDK20\openjdk-20.0.2_windows-x64_bin\jdk-20.0.2
PATH=C:\Python312\Scripts\;C:\Python312\;C:\Program Files\Common Files\Oracle\Java\javapath;C:\WINDOWS\system32;C:\WINDOWS;C:\WINDOWS\System32\Wbem;C:\WINDOWS\System32\WindowsPowerShell\v1.0\;C:\WINDOWS\System32\OpenSSH\;;C:\Program Files\Microsoft SQL Server\Client SDK\ODBC\170\Tools\Binn\;C:\Program Files (x86)\Microsoft SQL Server\150\Tools\Binn\;C:\Program Files\Microsoft SQL Server\150\Tools\Binn\;C:\Program Files\Microsoft SQL Server\150\DTS\Binn\;C:\Program Files\Java\jdk-17\bin;C:\Program Files\Git\cmd;C:\Program Files\nodejs\;C:\ProgramData\chocolatey\bin;C:\Program Files\Docker\Docker\resources\bin;C:\Program Files\HP\HP One Agent;C:\Users\Hp\AppData\Local\Programs\Python\Python312\Scripts\;C:\Users\Hp\AppData\Local\Programs\Python\Python312\;C:\Users\Hp\AppData\Local\Programs\Microsoft VS Code\bin;C:\msys64\mingw64\bin;C:\Users\Hp\AppData\Local\Microsoft\WindowsApps;C:\Program Files\Azure Data Studio\bin;C:\Users\Hp\AppData\Local\Google\Cloud SDK\google-cloud-sdk\bin;C:\Users\Hp\jq;C:\Users\Hp\AppData\Roaming\npm;C:\Users\Hp\AppData\Local\Programs\Python\Python312;C:\Users\Hp\AppData\Local\Programs\Python\Python312\Scripts;C:\Users\Hp\Downloads\sqlmap\sqlmap-dev;
USERNAME=Hp
OS=Windows_NT
PROCESSOR_IDENTIFIER=Intel64 Family 6 Model 142 Stepping 10, GenuineIntel



---------------  S Y S T E M  ---------------

OS:
 Windows 11 , 64 bit Build 22621 (10.0.22621.3672)
OS uptime: 0 days 2:31 hours
Hyper-V role detected

CPU: total 4 (initial active 4) (2 cores per cpu, 2 threads per core) family 6 model 142 stepping 10 microcode 0xe0, cx8, cmov, fxsr, ht, mmx, 3dnowpref, sse, sse2, sse3, ssse3, sse4.1, sse4.2, popcnt, lzcnt, tsc, tscinvbit, avx, avx2, aes, erms, clmul, bmi1, bmi2, adx, fma, vzeroupper, clflush, clflushopt, hv

Memory: 4k page, system-wide physical 12156M (2058M free)
TotalPageFile size 18156M (AvailPageFile size 4M)
current process WorkingSet (physical memory assigned to process): 11M, peak: 11M
current process commit charge ("private bytes"): 245M, peak: 248M

vm_info: Java HotSpot(TM) 64-Bit Server VM (17.0.6+9-LTS-190) for windows-amd64 JRE (17.0.6+9-LTS-190), built on Dec  6 2022 15:53:54 by "mach5one" with MS VC++ 17.1 (VS2022)

END.
